<?xml version="1.0" encoding="UTF-8" ?>
<testsuite errors="1" failures="0" hostname="MSI" name="assignmenttwo_genealogy.TreeViewTest" skipped="0" tests="1" time="1.307" timestamp="2019-06-02T17:24:52">
  <properties>
[...]
</properties>
  <testcase classname="assignmenttwo_genealogy.TreeViewTest" name="Test003_Pane" time="1.08">
    <error message="java.util.concurrent.ExecutionException: java.lang.NullPointerException" type="java.lang.RuntimeException">java.lang.RuntimeException: java.util.concurrent.ExecutionException: java.lang.NullPointerException
	at org.testfx.util.WaitForAsyncUtils.waitFor(WaitForAsyncUtils.java:302)
	at org.testfx.api.FxToolkit.waitForSetup(FxToolkit.java:245)
	at org.testfx.api.FxToolkit.setupApplication(FxToolkit.java:153)
	at org.testfx.framework.junit.ApplicationTest.internalBefore(ApplicationTest.java:86)
Caused by: java.util.concurrent.ExecutionException: java.lang.NullPointerException
	at java.util.concurrent.FutureTask.report(FutureTask.java:122)
	at java.util.concurrent.FutureTask.get(FutureTask.java:192)
	at org.testfx.util.WaitForAsyncUtils$ASyncFXCallable.get(WaitForAsyncUtils.java:697)
	at org.testfx.toolkit.impl.ToolkitServiceImpl.lambda$setupApplication$6(ToolkitServiceImpl.java:127)
	at java.util.concurrent.FutureTask.run(FutureTask.java:266)
	at java.util.concurrent.Executors$RunnableAdapter.call(Executors.java:511)
	at java.util.concurrent.FutureTask.run(FutureTask.java:266)
	at java.util.concurrent.ThreadPoolExecutor.runWorker(ThreadPoolExecutor.java:1149)
	at java.util.concurrent.ThreadPoolExecutor$Worker.run(ThreadPoolExecutor.java:624)
	at java.lang.Thread.run(Thread.java:748)
Caused by: java.lang.NullPointerException
	at assignmenttwo_genealogy.Leaf.&lt;init&gt;(Leaf.java:44)
	at assignmenttwo_genealogy.Graph.BreadthFirstTraversal(Graph.java:114)
	at assignmenttwo_genealogy.TreeController.SetPosition(TreeController.java:70)
	at assignmenttwo_genealogy.TreeController.GetTreeList(TreeController.java:96)
	at assignmenttwo_genealogy.TreeView.SetTreePane(TreeView.java:111)
	at assignmenttwo_genealogy.TreeViewTest.start(TreeViewTest.java:36)
	at org.testfx.framework.junit.ApplicationAdapter.start(ApplicationAdapter.java:41)
	at org.testfx.toolkit.impl.ApplicationServiceImpl.lambda$start$0(ApplicationServiceImpl.java:49)
	at java.util.concurrent.FutureTask.run(FutureTask.java:266)
	at com.sun.javafx.application.PlatformImpl.lambda$null$172(PlatformImpl.java:295)
	at java.security.AccessController.doPrivileged(Native Method)
	at com.sun.javafx.application.PlatformImpl.lambda$runLater$173(PlatformImpl.java:294)
	at com.sun.glass.ui.InvokeLaterDispatcher$Future.run(InvokeLaterDispatcher.java:95)
	at com.sun.glass.ui.win.WinApplication._runLoop(Native Method)
	at com.sun.glass.ui.win.WinApplication.lambda$null$147(WinApplication.java:177)
</error>
  </testcase>
  <system-out><![CDATA[Running Tree Manager constructor...
]]></system-out>
  <system-err><![CDATA[--- Exception in Async Thread ---
java.lang.NullPointerException: null
	assignmenttwo_genealogy.Leaf.<init>(Leaf.java:44)
	assignmenttwo_genealogy.Graph.BreadthFirstTraversal(Graph.java:114)
	assignmenttwo_genealogy.TreeController.SetPosition(TreeController.java:70)
	assignmenttwo_genealogy.TreeController.GetTreeList(TreeController.java:96)
	assignmenttwo_genealogy.TreeView.SetTreePane(TreeView.java:111)
	assignmenttwo_genealogy.TreeViewTest.start(TreeViewTest.java:36)
	org.testfx.framework.junit.ApplicationAdapter.start(ApplicationAdapter.java:41)
	org.testfx.toolkit.impl.ApplicationServiceImpl.lambda$start$0(ApplicationServiceImpl.java:49)
	java.util.concurrent.FutureTask.run(FutureTask.java:266)
	com.sun.javafx.application.PlatformImpl.lambda$null$172(PlatformImpl.java:295)
	java.security.AccessController.doPrivileged(Native Method)
	com.sun.javafx.application.PlatformImpl.lambda$runLater$173(PlatformImpl.java:294)
	com.sun.glass.ui.InvokeLaterDispatcher$Future.run(InvokeLaterDispatcher.java:95)
	com.sun.glass.ui.win.WinApplication._runLoop(Native Method)
	com.sun.glass.ui.win.WinApplication.lambda$null$147(WinApplication.java:177)
	java.lang.Thread.run(Thread.java:748)
--- Trace of caller of unhandled exception in Async Thread ---
	java.lang.Thread.getStackTrace(Thread.java:1559)
	org.testfx.util.WaitForAsyncUtils$ASyncFXCallable.<init>(WaitForAsyncUtils.java:650)
	org.testfx.util.WaitForAsyncUtils.asyncFx(WaitForAsyncUtils.java:258)
	org.testfx.toolkit.impl.ApplicationServiceImpl.start(ApplicationServiceImpl.java:48)
	org.testfx.toolkit.impl.ToolkitServiceImpl.lambda$setupApplication$6(ToolkitServiceImpl.java:127)
	java.util.concurrent.FutureTask.run(FutureTask.java:266)
	java.util.concurrent.Executors$RunnableAdapter.call(Executors.java:511)
	java.util.concurrent.FutureTask.run(FutureTask.java:266)
	java.util.concurrent.ThreadPoolExecutor.runWorker(ThreadPoolExecutor.java:1149)
	java.util.concurrent.ThreadPoolExecutor$Worker.run(ThreadPoolExecutor.java:624)
	java.lang.Thread.run(Thread.java:748)

--- Exception in Async Thread ---
java.util.concurrent.ExecutionException: java.lang.NullPointerException
	java.util.concurrent.FutureTask.report(FutureTask.java:122)
	java.util.concurrent.FutureTask.get(FutureTask.java:192)
	org.testfx.util.WaitForAsyncUtils$ASyncFXCallable.get(WaitForAsyncUtils.java:697)
	org.testfx.toolkit.impl.ToolkitServiceImpl.lambda$setupApplication$6(ToolkitServiceImpl.java:127)
	java.util.concurrent.FutureTask.run(FutureTask.java:266)
	java.util.concurrent.Executors$RunnableAdapter.call(Executors.java:511)
	java.util.concurrent.FutureTask.run(FutureTask.java:266)
	java.util.concurrent.ThreadPoolExecutor.runWorker(ThreadPoolExecutor.java:1149)
	java.util.concurrent.ThreadPoolExecutor$Worker.run(ThreadPoolExecutor.java:624)
	java.lang.Thread.run(Thread.java:748)
java.lang.NullPointerException: null
	assignmenttwo_genealogy.Leaf.<init>(Leaf.java:44)
	assignmenttwo_genealogy.Graph.BreadthFirstTraversal(Graph.java:114)
	assignmenttwo_genealogy.TreeController.SetPosition(TreeController.java:70)
	assignmenttwo_genealogy.TreeController.GetTreeList(TreeController.java:96)
	assignmenttwo_genealogy.TreeView.SetTreePane(TreeView.java:111)
	assignmenttwo_genealogy.TreeViewTest.start(TreeViewTest.java:36)
	org.testfx.framework.junit.ApplicationAdapter.start(ApplicationAdapter.java:41)
	org.testfx.toolkit.impl.ApplicationServiceImpl.lambda$start$0(ApplicationServiceImpl.java:49)
	java.util.concurrent.FutureTask.run(FutureTask.java:266)
	com.sun.javafx.application.PlatformImpl.lambda$null$172(PlatformImpl.java:295)
	java.security.AccessController.doPrivileged(Native Method)
	com.sun.javafx.application.PlatformImpl.lambda$runLater$173(PlatformImpl.java:294)
	com.sun.glass.ui.InvokeLaterDispatcher$Future.run(InvokeLaterDispatcher.java:95)
	com.sun.glass.ui.win.WinApplication._runLoop(Native Method)
	com.sun.glass.ui.win.WinApplication.lambda$null$147(WinApplication.java:177)
	java.lang.Thread.run(Thread.java:748)
--- Trace of caller of unhandled exception in Async Thread ---
	java.lang.Thread.getStackTrace(Thread.java:1559)
	org.testfx.util.WaitForAsyncUtils$ASyncFXCallable.<init>(WaitForAsyncUtils.java:650)
	org.testfx.util.WaitForAsyncUtils.async(WaitForAsyncUtils.java:193)
	org.testfx.toolkit.impl.ToolkitServiceImpl.setupApplication(ToolkitServiceImpl.java:123)
	org.testfx.api.FxToolkit.setupApplication(FxToolkit.java:153)
	org.testfx.framework.junit.ApplicationTest.internalBefore(ApplicationTest.java:86)
	sun.reflect.NativeMethodAccessorImpl.invoke0(Native Method)
	sun.reflect.NativeMethodAccessorImpl.invoke(NativeMethodAccessorImpl.java:62)
	sun.reflect.DelegatingMethodAccessorImpl.invoke(DelegatingMethodAccessorImpl.java:43)
	java.lang.reflect.Method.invoke(Method.java:498)
	org.junit.runners.model.FrameworkMethod$1.runReflectiveCall(FrameworkMethod.java:50)
	org.junit.internal.runners.model.ReflectiveCallable.run(ReflectiveCallable.java:12)
	org.junit.runners.model.FrameworkMethod.invokeExplosively(FrameworkMethod.java:47)
	org.junit.internal.runners.statements.RunBefores.evaluate(RunBefores.java:24)
	org.junit.internal.runners.statements.RunAfters.evaluate(RunAfters.java:27)
	org.junit.runners.ParentRunner.runLeaf(ParentRunner.java:325)
	org.junit.runners.BlockJUnit4ClassRunner.runChild(BlockJUnit4ClassRunner.java:78)
	org.junit.runners.BlockJUnit4ClassRunner.runChild(BlockJUnit4ClassRunner.java:57)
	org.junit.runners.ParentRunner$3.run(ParentRunner.java:290)
	org.junit.runners.ParentRunner$1.schedule(ParentRunner.java:71)
	org.junit.runners.ParentRunner.runChildren(ParentRunner.java:288)
	org.junit.runners.ParentRunner.access$000(ParentRunner.java:58)
	org.junit.runners.ParentRunner$2.evaluate(ParentRunner.java:268)
	org.junit.runners.ParentRunner.run(ParentRunner.java:363)
	junit.framework.JUnit4TestAdapter.run(JUnit4TestAdapter.java:38)
	org.apache.tools.ant.taskdefs.optional.junit.JUnitTestRunner.run(JUnitTestRunner.java:534)
	org.apache.tools.ant.taskdefs.optional.junit.JUnitTestRunner.launch(JUnitTestRunner.java:1196)
	org.apache.tools.ant.taskdefs.optional.junit.JUnitTestRunner.main(JUnitTestRunner.java:1041)

]]></system-err>
</testsuite>
